<?xml version="1.0" encoding="UTF-8"?>
<testsuite name="com.jpaExample.jpaExample1.service.MemberServiceTest" tests="1" skipped="0" failures="0" errors="0" timestamp="2021-05-15T06:36:08" hostname="leeui-MacBookAir.local" time="0.706">
  <properties/>
  <testcase name="joinTest" classname="com.jpaExample.jpaExample1.service.MemberServiceTest" time="0.706"/>
  <system-out><![CDATA[15:35:56.121 [Test worker] DEBUG org.springframework.test.annotation.ProfileValueUtils - Retrieved @ProfileValueSourceConfiguration [null] for test class [com.jpaExample.jpaExample1.service.MemberServiceTest]
15:35:56.121 [Test worker] DEBUG org.springframework.test.annotation.ProfileValueUtils - Retrieved ProfileValueSource type [class org.springframework.test.annotation.SystemProfileValueSource] for class [com.jpaExample.jpaExample1.service.MemberServiceTest]
15:35:56.123 [Test worker] DEBUG org.springframework.test.annotation.ProfileValueUtils - Retrieved @ProfileValueSourceConfiguration [null] for test class [com.jpaExample.jpaExample1.service.MemberServiceTest]
15:35:56.124 [Test worker] DEBUG org.springframework.test.annotation.ProfileValueUtils - Retrieved ProfileValueSource type [class org.springframework.test.annotation.SystemProfileValueSource] for class [com.jpaExample.jpaExample1.service.MemberServiceTest]
15:35:56.133 [Test worker] DEBUG org.springframework.test.context.support.AbstractDirtiesContextTestExecutionListener - Before test class: context [DefaultTestContext@49a04d3d testClass = MemberServiceTest, testInstance = [null], testMethod = [null], testException = [null], mergedContextConfiguration = [WebMergedContextConfiguration@b657e60 testClass = MemberServiceTest, locations = '{}', classes = '{class com.jpaExample.jpaExample1.JpaExample1Application}', contextInitializerClasses = '[]', activeProfiles = '{}', propertySourceLocations = '{}', propertySourceProperties = '{org.springframework.boot.test.context.SpringBootTestContextBootstrapper=true}', contextCustomizers = set[org.springframework.boot.test.autoconfigure.actuate.metrics.MetricsExportContextCustomizerFactory$DisableMetricExportContextCustomizer@4478e70b, org.springframework.boot.test.autoconfigure.properties.PropertyMappingContextCustomizer@0, org.springframework.boot.test.autoconfigure.web.servlet.WebDriverContextCustomizerFactory$Customizer@2c930a05, org.springframework.boot.test.context.filter.ExcludeFilterContextCustomizer@2e40c1bb, org.springframework.boot.test.json.DuplicateJsonObjectContextCustomizerFactory$DuplicateJsonObjectContextCustomizer@1e0fa0c9, org.springframework.boot.test.mock.mockito.MockitoContextCustomizer@0, org.springframework.boot.test.web.client.TestRestTemplateContextCustomizer@3d3c25b7, org.springframework.boot.test.context.SpringBootTestArgs@1, org.springframework.boot.test.context.SpringBootTestWebEnvironment@22cc2ca5], resourceBasePath = 'src/main/webapp', contextLoader = 'org.springframework.boot.test.context.SpringBootContextLoader', parent = [null]], attributes = map['org.springframework.test.context.web.ServletTestExecutionListener.activateListener' -> true]], class annotated with @DirtiesContext [false] with mode [null].
15:35:56.137 [Test worker] DEBUG org.springframework.test.annotation.ProfileValueUtils - Retrieved @ProfileValueSourceConfiguration [null] for test class [com.jpaExample.jpaExample1.service.MemberServiceTest]
15:35:56.138 [Test worker] DEBUG org.springframework.test.annotation.ProfileValueUtils - Retrieved ProfileValueSource type [class org.springframework.test.annotation.SystemProfileValueSource] for class [com.jpaExample.jpaExample1.service.MemberServiceTest]
15:35:56.242 [Test worker] DEBUG org.springframework.test.context.support.TestPropertySourceUtils - Adding inlined properties to environment: {spring.jmx.enabled=false, org.springframework.boot.test.context.SpringBootTestContextBootstrapper=true}

  .   ____          _            __ _ _
 /\\ / ___'_ __ _ _(_)_ __  __ _ \ \ \ \
( ( )\___ | '_ | '_| | '_ \/ _` | \ \ \ \
 \\/  ___)| |_)| | | | | || (_| |  ) ) ) )
  '  |____| .__|_| |_|_| |_\__, | / / / /
 =========|_|==============|___/=/_/_/_/
 :: Spring Boot ::                (v2.4.1)

2021-05-15 15:36:01.925  INFO 5560 --- [    Test worker] c.j.j.service.MemberServiceTest          : Starting MemberServiceTest using Java 11.0.5 on leeui-MacBookAir.local with PID 5560 (started by leehyeonho in /Users/leehyeonho/gitProject/practiceJPA1)
2021-05-15 15:36:01.930  INFO 5560 --- [    Test worker] c.j.j.service.MemberServiceTest          : No active profile set, falling back to default profiles: default
2021-05-15 15:36:03.195  INFO 5560 --- [    Test worker] .s.d.r.c.RepositoryConfigurationDelegate : Bootstrapping Spring Data JPA repositories in DEFAULT mode.
2021-05-15 15:36:03.225  INFO 5560 --- [    Test worker] .s.d.r.c.RepositoryConfigurationDelegate : Finished Spring Data repository scanning in 13 ms. Found 0 JPA repository interfaces.
2021-05-15 15:36:04.011  INFO 5560 --- [    Test worker] o.hibernate.jpa.internal.util.LogHelper  : HHH000204: Processing PersistenceUnitInfo [name: default]
2021-05-15 15:36:04.121  INFO 5560 --- [    Test worker] org.hibernate.Version                    : HHH000412: Hibernate ORM core version 5.4.25.Final
2021-05-15 15:36:04.371  INFO 5560 --- [    Test worker] o.hibernate.annotations.common.Version   : HCANN000001: Hibernate Commons Annotations {5.1.2.Final}
2021-05-15 15:36:04.528  INFO 5560 --- [    Test worker] com.zaxxer.hikari.HikariDataSource       : HikariPool-1 - Starting...
2021-05-15 15:36:04.825  INFO 5560 --- [    Test worker] com.zaxxer.hikari.HikariDataSource       : HikariPool-1 - Start completed.
2021-05-15 15:36:04.899  INFO 5560 --- [    Test worker] org.hibernate.dialect.Dialect            : HHH000400: Using dialect: org.hibernate.dialect.H2Dialect
2021-05-15 15:36:06.314 DEBUG 5560 --- [    Test worker] org.hibernate.SQL                        : 
    
    drop table if exists category CASCADE 
2021-05-15 15:36:06.321 DEBUG 5560 --- [    Test worker] org.hibernate.SQL                        : 
    
    drop table if exists category_item CASCADE 
2021-05-15 15:36:06.322 DEBUG 5560 --- [    Test worker] org.hibernate.SQL                        : 
    
    drop table if exists delivery CASCADE 
2021-05-15 15:36:06.323 DEBUG 5560 --- [    Test worker] org.hibernate.SQL                        : 
    
    drop table if exists item CASCADE 
2021-05-15 15:36:06.323 DEBUG 5560 --- [    Test worker] org.hibernate.SQL                        : 
    
    drop table if exists member CASCADE 
2021-05-15 15:36:06.324 DEBUG 5560 --- [    Test worker] org.hibernate.SQL                        : 
    
    drop table if exists order_item CASCADE 
2021-05-15 15:36:06.325 DEBUG 5560 --- [    Test worker] org.hibernate.SQL                        : 
    
    drop table if exists orders CASCADE 
2021-05-15 15:36:06.325 DEBUG 5560 --- [    Test worker] org.hibernate.SQL                        : 
    
    drop sequence if exists hibernate_sequence
2021-05-15 15:36:06.332 DEBUG 5560 --- [    Test worker] org.hibernate.SQL                        : create sequence hibernate_sequence start with 1 increment by 1
2021-05-15 15:36:06.336 DEBUG 5560 --- [    Test worker] org.hibernate.SQL                        : 
    
    create table category (
       category_id bigint not null,
        name varchar(255),
        parent_id bigint,
        primary key (category_id)
    )
2021-05-15 15:36:06.347 DEBUG 5560 --- [    Test worker] org.hibernate.SQL                        : 
    
    create table category_item (
       category_id bigint not null,
        item_id bigint not null
    )
2021-05-15 15:36:06.348 DEBUG 5560 --- [    Test worker] org.hibernate.SQL                        : 
    
    create table delivery (
       delivery_id bigint not null,
        city varchar(255),
        street varchar(255),
        zipcode varchar(255),
        status varchar(255),
        primary key (delivery_id)
    )
2021-05-15 15:36:06.352 DEBUG 5560 --- [    Test worker] org.hibernate.SQL                        : 
    
    create table item (
       dtype varchar(31) not null,
        item_id bigint not null,
        name varchar(255),
        price integer not null,
        stock_quantity integer not null,
        artist varchar(255),
        etc varchar(255),
        author varchar(255),
        isbn varchar(255),
        actor varchar(255),
        director varchar(255),
        primary key (item_id)
    )
2021-05-15 15:36:06.354 DEBUG 5560 --- [    Test worker] org.hibernate.SQL                        : 
    
    create table member (
       member_id bigint not null,
        city varchar(255),
        street varchar(255),
        zipcode varchar(255),
        name varchar(255),
        primary key (member_id)
    )
2021-05-15 15:36:06.357 DEBUG 5560 --- [    Test worker] org.hibernate.SQL                        : 
    
    create table order_item (
       order_item_id bigint not null,
        count integer not null,
        order_price integer not null,
        item_id bigint,
        order_id bigint,
        primary key (order_item_id)
    )
2021-05-15 15:36:06.360 DEBUG 5560 --- [    Test worker] org.hibernate.SQL                        : 
    
    create table orders (
       order_id bigint not null,
        order_date timestamp,
        status varchar(255),
        delivery_id bigint,
        member_id bigint,
        primary key (order_id)
    )
2021-05-15 15:36:06.371 DEBUG 5560 --- [    Test worker] org.hibernate.SQL                        : 
    
    alter table category 
       add constraint FK2y94svpmqttx80mshyny85wqr 
       foreign key (parent_id) 
       references category
2021-05-15 15:36:06.388 DEBUG 5560 --- [    Test worker] org.hibernate.SQL                        : 
    
    alter table category_item 
       add constraint FKu8b4lwqutcdq3363gf6mlujq 
       foreign key (item_id) 
       references item
2021-05-15 15:36:06.402 DEBUG 5560 --- [    Test worker] org.hibernate.SQL                        : 
    
    alter table category_item 
       add constraint FKcq2n0opf5shyh84ex1fhukcbh 
       foreign key (category_id) 
       references category
2021-05-15 15:36:06.412 DEBUG 5560 --- [    Test worker] org.hibernate.SQL                        : 
    
    alter table order_item 
       add constraint FKija6hjjiit8dprnmvtvgdp6ru 
       foreign key (item_id) 
       references item
2021-05-15 15:36:06.419 DEBUG 5560 --- [    Test worker] org.hibernate.SQL                        : 
    
    alter table order_item 
       add constraint FKt4dc2r9nbvbujrljv3e23iibt 
       foreign key (order_id) 
       references orders
2021-05-15 15:36:06.427 DEBUG 5560 --- [    Test worker] org.hibernate.SQL                        : 
    
    alter table orders 
       add constraint FKtkrur7wg4d8ax0pwgo0vmy20c 
       foreign key (delivery_id) 
       references delivery
2021-05-15 15:36:06.431 DEBUG 5560 --- [    Test worker] org.hibernate.SQL                        : 
    
    alter table orders 
       add constraint FKpktxwhj3x9m4gth5ff6bkqgeb 
       foreign key (member_id) 
       references member
2021-05-15 15:36:06.452  INFO 5560 --- [    Test worker] o.h.e.t.j.p.i.JtaPlatformInitiator       : HHH000490: Using JtaPlatform implementation: [org.hibernate.engine.transaction.jta.platform.internal.NoJtaPlatform]
2021-05-15 15:36:06.483  INFO 5560 --- [    Test worker] j.LocalContainerEntityManagerFactoryBean : Initialized JPA EntityManagerFactory for persistence unit 'default'
2021-05-15 15:36:07.037  WARN 5560 --- [    Test worker] JpaBaseConfiguration$JpaWebConfiguration : spring.jpa.open-in-view is enabled by default. Therefore, database queries may be performed during view rendering. Explicitly configure spring.jpa.open-in-view to disable this warning
2021-05-15 15:36:07.405  INFO 5560 --- [    Test worker] o.s.s.concurrent.ThreadPoolTaskExecutor  : Initializing ExecutorService 'applicationTaskExecutor'
2021-05-15 15:36:07.562  INFO 5560 --- [    Test worker] o.s.b.a.w.s.WelcomePageHandlerMapping    : Adding welcome page: class path resource [static/index.html]
2021-05-15 15:36:08.016  INFO 5560 --- [    Test worker] c.j.j.service.MemberServiceTest          : Started MemberServiceTest in 11.707 seconds (JVM running for 13.936)
2021-05-15 15:36:08.265  INFO 5560 --- [    Test worker] o.s.t.c.transaction.TransactionContext   : Began transaction (1) for test context [DefaultTestContext@49a04d3d testClass = MemberServiceTest, testInstance = com.jpaExample.jpaExample1.service.MemberServiceTest@4baa809b, testMethod = joinTest@MemberServiceTest, testException = [null], mergedContextConfiguration = [WebMergedContextConfiguration@b657e60 testClass = MemberServiceTest, locations = '{}', classes = '{class com.jpaExample.jpaExample1.JpaExample1Application}', contextInitializerClasses = '[]', activeProfiles = '{}', propertySourceLocations = '{}', propertySourceProperties = '{org.springframework.boot.test.context.SpringBootTestContextBootstrapper=true}', contextCustomizers = set[org.springframework.boot.test.autoconfigure.actuate.metrics.MetricsExportContextCustomizerFactory$DisableMetricExportContextCustomizer@4478e70b, org.springframework.boot.test.autoconfigure.properties.PropertyMappingContextCustomizer@0, org.springframework.boot.test.autoconfigure.web.servlet.WebDriverContextCustomizerFactory$Customizer@2c930a05, org.springframework.boot.test.context.filter.ExcludeFilterContextCustomizer@2e40c1bb, org.springframework.boot.test.json.DuplicateJsonObjectContextCustomizerFactory$DuplicateJsonObjectContextCustomizer@1e0fa0c9, org.springframework.boot.test.mock.mockito.MockitoContextCustomizer@0, org.springframework.boot.test.web.client.TestRestTemplateContextCustomizer@3d3c25b7, org.springframework.boot.test.context.SpringBootTestArgs@1, org.springframework.boot.test.context.SpringBootTestWebEnvironment@22cc2ca5], resourceBasePath = 'src/main/webapp', contextLoader = 'org.springframework.boot.test.context.SpringBootContextLoader', parent = [null]], attributes = map['org.springframework.test.context.web.ServletTestExecutionListener.activateListener' -> true, 'org.springframework.test.context.web.ServletTestExecutionListener.populatedRequestContextHolder' -> true, 'org.springframework.test.context.web.ServletTestExecutionListener.resetRequestContextHolder' -> true]]; transaction manager [org.springframework.orm.jpa.JpaTransactionManager@7e31ee4a]; rollback [true]
2021-05-15 15:36:08.648 DEBUG 5560 --- [    Test worker] org.hibernate.SQL                        : 
    select
        member0_.member_id as member_i1_4_,
        member0_.city as city2_4_,
        member0_.street as street3_4_,
        member0_.zipcode as zipcode4_4_,
        member0_.name as name5_4_ 
    from
        member member0_ 
    where
        member0_.name=?
2021-05-15 15:36:08.672 DEBUG 5560 --- [    Test worker] org.hibernate.SQL                        : 
    call next value for hibernate_sequence
2021-05-15 15:36:08.752  INFO 5560 --- [    Test worker] o.s.t.c.transaction.TransactionContext   : Rolled back transaction for test: [DefaultTestContext@49a04d3d testClass = MemberServiceTest, testInstance = com.jpaExample.jpaExample1.service.MemberServiceTest@4baa809b, testMethod = joinTest@MemberServiceTest, testException = [null], mergedContextConfiguration = [WebMergedContextConfiguration@b657e60 testClass = MemberServiceTest, locations = '{}', classes = '{class com.jpaExample.jpaExample1.JpaExample1Application}', contextInitializerClasses = '[]', activeProfiles = '{}', propertySourceLocations = '{}', propertySourceProperties = '{org.springframework.boot.test.context.SpringBootTestContextBootstrapper=true}', contextCustomizers = set[org.springframework.boot.test.autoconfigure.actuate.metrics.MetricsExportContextCustomizerFactory$DisableMetricExportContextCustomizer@4478e70b, org.springframework.boot.test.autoconfigure.properties.PropertyMappingContextCustomizer@0, org.springframework.boot.test.autoconfigure.web.servlet.WebDriverContextCustomizerFactory$Customizer@2c930a05, org.springframework.boot.test.context.filter.ExcludeFilterContextCustomizer@2e40c1bb, org.springframework.boot.test.json.DuplicateJsonObjectContextCustomizerFactory$DuplicateJsonObjectContextCustomizer@1e0fa0c9, org.springframework.boot.test.mock.mockito.MockitoContextCustomizer@0, org.springframework.boot.test.web.client.TestRestTemplateContextCustomizer@3d3c25b7, org.springframework.boot.test.context.SpringBootTestArgs@1, org.springframework.boot.test.context.SpringBootTestWebEnvironment@22cc2ca5], resourceBasePath = 'src/main/webapp', contextLoader = 'org.springframework.boot.test.context.SpringBootContextLoader', parent = [null]], attributes = map['org.springframework.test.context.web.ServletTestExecutionListener.activateListener' -> true, 'org.springframework.test.context.web.ServletTestExecutionListener.populatedRequestContextHolder' -> true, 'org.springframework.test.context.web.ServletTestExecutionListener.resetRequestContextHolder' -> true]]
]]></system-out>
  <system-err><![CDATA[]]></system-err>
</testsuite>
